  glad.c
  cube.cpp
  frustum.cpp
  glslprogram.cpp
  glutils.cpp
  noisetex.cpp
  objmesh.cpp
C:\Users\icek0\Documents\GitHub\Comp3015-CW2\Comp3015-CW1\helper\objmesh.cpp(188,43): warning C4267: '+=': conversion from 'size_t' to 'int', possible loss of data
C:\Users\icek0\Documents\GitHub\Comp3015-CW2\Comp3015-CW1\helper\objmesh.cpp(194,50): warning C4267: '+=': conversion from 'size_t' to 'int', possible loss of data
C:\Users\icek0\Documents\GitHub\Comp3015-CW2\Comp3015-CW1\helper\objmesh.cpp(198,45): warning C4267: '+=': conversion from 'size_t' to 'int', possible loss of data
  plane.cpp
  stb_image.cpp
  teapot.cpp
  texture.cpp
  torus.cpp
  trianglemesh.cpp
  main.cpp
  scenebasic_uniform.cpp
LINK : warning LNK4098: defaultlib 'MSVCRTD' conflicts with use of other libs; use /NODEFAULTLIB:library
  Generating code
  Previous IPDB not found, fall back to full compilation.
  All 1431 functions were compiled because no usable IPDB/IOBJ from previous compilation was found.
  Finished generating code
  Comp3015-CW1.vcxproj -> C:\Users\icek0\Documents\GitHub\Comp3015-CW2\x64\Release\Comp3015-CW2.exe
