c:\users\icek0\documents\github\comp3015-cw2\comp3015-cw1\x64\debug\vc142.pdb
c:\users\icek0\documents\github\comp3015-cw2\comp3015-cw1\x64\debug\vc142.idb
c:\users\icek0\documents\github\comp3015-cw2\comp3015-cw1\x64\debug\glad.obj
c:\users\icek0\documents\github\comp3015-cw2\comp3015-cw1\x64\debug\scenebasic_uniform.obj
c:\users\icek0\documents\github\comp3015-cw2\comp3015-cw1\x64\debug\main.obj
c:\users\icek0\documents\github\comp3015-cw2\comp3015-cw1\x64\debug\trianglemesh.obj
c:\users\icek0\documents\github\comp3015-cw2\comp3015-cw1\x64\debug\torus.obj
c:\users\icek0\documents\github\comp3015-cw2\comp3015-cw1\x64\debug\texture.obj
c:\users\icek0\documents\github\comp3015-cw2\comp3015-cw1\x64\debug\teapot.obj
c:\users\icek0\documents\github\comp3015-cw2\comp3015-cw1\x64\debug\stb_image.obj
c:\users\icek0\documents\github\comp3015-cw2\comp3015-cw1\x64\debug\plane.obj
c:\users\icek0\documents\github\comp3015-cw2\comp3015-cw1\x64\debug\objmesh.obj
c:\users\icek0\documents\github\comp3015-cw2\comp3015-cw1\x64\debug\noisetex.obj
c:\users\icek0\documents\github\comp3015-cw2\comp3015-cw1\x64\debug\glutils.obj
c:\users\icek0\documents\github\comp3015-cw2\comp3015-cw1\x64\debug\glslprogram.obj
c:\users\icek0\documents\github\comp3015-cw2\comp3015-cw1\x64\debug\frustum.obj
c:\users\icek0\documents\github\comp3015-cw2\comp3015-cw1\x64\debug\cube.obj
c:\users\icek0\documents\github\comp3015-cw2\x64\debug\comp3015-cw2.exe
c:\users\icek0\documents\github\comp3015-cw2\comp3015-cw1\x64\debug\comp3015-cw2.ilk
c:\users\icek0\documents\github\comp3015-cw2\x64\debug\comp3015-cw2.pdb
c:\users\icek0\documents\github\comp3015-cw2\comp3015-cw1\x64\debug\comp3015-cw2.tlog\cl.command.1.tlog
c:\users\icek0\documents\github\comp3015-cw2\comp3015-cw1\x64\debug\comp3015-cw2.tlog\cl.read.1.tlog
c:\users\icek0\documents\github\comp3015-cw2\comp3015-cw1\x64\debug\comp3015-cw2.tlog\cl.write.1.tlog
c:\users\icek0\documents\github\comp3015-cw2\comp3015-cw1\x64\debug\comp3015-cw2.tlog\link.command.1.tlog
c:\users\icek0\documents\github\comp3015-cw2\comp3015-cw1\x64\debug\comp3015-cw2.tlog\link.read.1.tlog
c:\users\icek0\documents\github\comp3015-cw2\comp3015-cw1\x64\debug\comp3015-cw2.tlog\link.write.1.tlog
